SF:/Users/anilcan/Code/uptizmv2/uptizm-app/references/fluttersdk_artisan/lib/src/stubs/install_stubs.dart
DA:15,0
DA:29,1
DA:34,1
DA:35,4
DA:37,3
DA:56,1
DA:61,1
DA:65,1
DA:66,1
DA:73,1
DA:75,3
DA:76,1
DA:77,3
DA:78,1
DA:80,3
DA:89,1
DA:90,1
DA:94,1
DA:95,1
DA:99,1
DA:100,1
DA:104,1
DA:105,1
DA:112,1
DA:113,1
DA:117,1
DA:118,1
DA:122,1
DA:123,1
DA:130,1
DA:131,1
DA:142,1
DA:143,1
DA:150,1
DA:151,1
DA:162,1
DA:163,1
DA:173,1
DA:176,1
DA:189,1
DA:190,3
DA:204,1
DA:208,3
DA:213,1
DA:228,1
DA:229,1
DA:232,1
DA:246,1
LF:48
LH:47
end_of_record
SF:/Users/anilcan/Code/uptizmv2/uptizm-app/references/fluttersdk_artisan/lib/src/stubs/stub_loader.dart
DA:18,0
DA:29,2
DA:31,2
DA:33,4
DA:34,6
DA:35,2
DA:36,2
DA:40,1
DA:41,1
DA:42,1
DA:54,2
DA:56,4
DA:57,8
DA:65,1
DA:66,2
DA:78,2
DA:81,4
DA:82,0
DA:83,0
DA:90,2
DA:92,2
DA:93,4
DA:94,2
DA:100,0
DA:101,0
DA:103,0
DA:104,0
DA:105,0
DA:106,0
DA:107,0
DA:108,0
DA:111,0
DA:112,0
DA:117,0
DA:118,0
DA:119,0
DA:122,0
DA:123,0
DA:124,0
DA:125,0
DA:130,0
DA:139,2
DA:140,2
DA:143,2
DA:144,2
DA:145,4
DA:148,2
DA:151,4
DA:152,2
DA:155,4
DA:157,4
DA:158,2
DA:161,2
DA:162,0
DA:166,2
DA:167,4
DA:171,0
DA:177,0
DA:178,0
LF:59
LH:34
end_of_record
SF:/Users/anilcan/Code/uptizmv2/uptizm-app/references/fluttersdk_artisan/lib/src/console/artisan_application.dart
DA:26,1
DA:34,1
DA:35,5
DA:36,1
DA:39,4
DA:40,4
DA:44,1
DA:45,2
DA:47,2
DA:48,1
DA:49,1
DA:55,1
DA:56,1
DA:62,1
DA:64,1
DA:67,1
DA:68,1
DA:69,4
DA:70,1
DA:74,1
DA:75,1
DA:79,2
DA:80,2
DA:82,1
DA:83,1
DA:84,1
DA:85,1
DA:86,1
DA:90,1
DA:96,2
DA:98,3
DA:99,2
DA:104,1
DA:109,1
DA:111,2
DA:112,1
DA:117,0
DA:119,0
DA:122,0
DA:124,0
DA:125,0
DA:126,0
DA:129,0
DA:130,0
DA:133,0
DA:137,1
DA:138,5
DA:139,2
DA:140,3
DA:141,2
DA:142,2
DA:143,3
DA:144,2
DA:147,2
DA:148,2
DA:149,3
DA:150,2
DA:155,1
DA:156,1
DA:159,0
DA:160,0
DA:161,0
DA:162,0
DA:164,3
DA:165,4
DA:166,2
DA:167,3
DA:168,4
DA:169,2
DA:170,3
DA:171,5
DA:172,2
DA:173,0
DA:174,0
DA:175,0
DA:176,0
DA:177,0
DA:178,0
DA:179,0
DA:181,0
DA:183,0
DA:184,0
DA:186,0
DA:188,2
DA:189,3
DA:190,2
DA:191,3
LF:87
LH:63
end_of_record
SF:/Users/anilcan/Code/uptizmv2/uptizm-app/references/fluttersdk_artisan/lib/src/console/artisan_command.dart
DA:51,6
DA:54,6
DA:55,6
DA:57,4
DA:66,2
DA:67,2
DA:68,2
DA:69,2
DA:70,1
DA:71,1
DA:86,6
DA:87,8
DA:93,1
DA:94,2
DA:96,4
DA:98,1
DA:99,1
DA:100,1
DA:101,1
LF:19
LH:19
end_of_record
SF:/Users/anilcan/Code/uptizmv2/uptizm-app/references/fluttersdk_artisan/lib/src/console/artisan_command_collision_exception.dart
DA:11,2
DA:26,6
DA:27,2
DA:28,2
DA:30,2
DA:31,4
LF:6
LH:6
end_of_record
SF:/Users/anilcan/Code/uptizmv2/uptizm-app/references/fluttersdk_artisan/lib/src/console/artisan_context.dart
DA:11,13
DA:13,1
DA:24,1
DA:28,1
DA:30,1
DA:35,0
DA:36,0
DA:45,1
DA:46,1
DA:48,1
DA:53,0
DA:54,0
LF:12
LH:8
end_of_record
SF:/Users/anilcan/Code/uptizmv2/uptizm-app/references/fluttersdk_artisan/lib/src/console/artisan_generator_command.dart
DA:21,2
DA:31,0
DA:35,2
DA:36,2
DA:37,2
DA:38,2
DA:39,2
DA:40,4
DA:42,2
DA:46,2
DA:51,1
DA:52,2
DA:53,2
DA:54,1
DA:56,1
DA:59,0
DA:61,0
DA:64,1
DA:65,1
DA:66,2
DA:67,0
DA:72,1
DA:73,1
DA:74,1
DA:76,1
DA:77,1
DA:80,1
DA:81,1
DA:82,1
DA:86,1
DA:88,1
DA:90,1
DA:91,1
DA:98,1
DA:100,2
DA:101,1
DA:102,2
DA:105,1
DA:106,3
DA:107,3
DA:110,1
DA:111,1
DA:112,3
LF:43
LH:39
end_of_record
SF:/Users/anilcan/Code/uptizmv2/uptizm-app/references/fluttersdk_artisan/lib/src/console/artisan_input.dart
DA:34,3
DA:36,12
DA:39,2
DA:44,4
DA:51,1
DA:53,3
DA:54,2
DA:57,2
DA:60,2
DA:62,1
DA:63,1
DA:69,8
DA:70,6
DA:72,5
DA:75,1
DA:76,2
DA:78,2
DA:79,2
DA:81,1
DA:82,1
DA:84,4
DA:85,4
DA:90,3
DA:91,5
DA:92,4
DA:93,2
DA:94,2
DA:95,4
DA:96,4
DA:104,15
DA:118,2
DA:119,4
DA:121,6
DA:124,6
DA:126,2
DA:129,4
DA:130,3
DA:132,2
DA:138,30
DA:139,11
DA:142,2
DA:143,4
DA:145,1
DA:146,1
DA:148,2
DA:149,2
DA:151,8
DA:152,8
DA:159,2
DA:160,8
LF:50
LH:50
end_of_record
SF:/Users/anilcan/Code/uptizmv2/uptizm-app/references/fluttersdk_artisan/lib/src/console/artisan_output.dart
DA:20,0
DA:25,2
DA:30,1
DA:32,4
DA:35,1
DA:37,5
DA:40,1
DA:42,5
DA:45,1
DA:47,5
DA:50,2
DA:51,6
DA:53,1
DA:55,5
DA:58,1
DA:59,2
DA:64,13
DA:71,33
DA:73,11
DA:75,44
DA:78,4
DA:79,4
DA:81,5
DA:82,5
DA:84,2
DA:85,2
DA:87,5
DA:88,15
DA:90,1
DA:91,1
DA:93,1
DA:94,2
DA:99,1
DA:102,1
DA:104,1
DA:106,1
DA:108,1
DA:110,1
DA:112,1
DA:114,1
LF:40
LH:39
end_of_record
SF:/Users/anilcan/Code/uptizmv2/uptizm-app/references/fluttersdk_artisan/lib/src/console/artisan_registry.dart
DA:14,6
DA:19,18
DA:21,1
DA:22,1
DA:23,1
DA:27,24
DA:31,2
DA:36,4
DA:37,2
DA:42,2
DA:46,2
DA:47,2
DA:48,2
DA:54,20
DA:57,1
DA:58,6
DA:59,5
DA:64,2
DA:65,2
DA:66,2
DA:67,6
DA:68,6
DA:69,4
DA:70,12
DA:72,4
DA:75,2
DA:76,2
DA:77,6
DA:78,2
DA:80,6
DA:81,4
DA:82,12
DA:83,2
DA:89,3
DA:93,6
LF:35
LH:35
end_of_record
SF:/Users/anilcan/Code/uptizmv2/uptizm-app/references/fluttersdk_artisan/lib/src/console/artisan_service_provider.dart
DA:13,3
LF:1
LH:1
end_of_record
SF:/Users/anilcan/Code/uptizmv2/uptizm-app/references/fluttersdk_artisan/lib/src/console/command_signature.dart
DA:40,3
DA:57,3
DA:58,3
DA:59,3
DA:65,6
DA:68,6
DA:70,6
DA:71,2
DA:79,6
DA:82,3
DA:83,3
DA:84,9
DA:85,6
DA:86,3
DA:87,6
DA:89,6
DA:93,3
DA:95,3
DA:96,3
DA:103,3
DA:104,5
DA:105,2
DA:106,2
DA:107,2
DA:108,2
DA:112,2
DA:113,2
DA:114,2
DA:115,2
DA:125,3
DA:126,3
DA:135,3
DA:136,3
DA:137,6
DA:138,3
DA:143,3
DA:146,3
DA:147,3
DA:149,3
DA:150,3
DA:152,6
DA:155,3
DA:156,6
DA:157,0
DA:158,0
DA:162,3
DA:171,2
DA:172,2
DA:177,2
DA:178,2
DA:182,2
DA:184,4
DA:185,6
DA:186,2
DA:189,4
DA:190,1
DA:191,1
DA:195,2
DA:205,3
DA:206,6
DA:209,4
DA:210,6
DA:215,9
DA:216,9
DA:217,9
DA:218,9
DA:223,3
DA:237,0
DA:239,0
DA:244,2
DA:258,0
DA:259,0
LF:72
LH:66
end_of_record
SF:/Users/anilcan/Code/uptizmv2/uptizm-app/references/fluttersdk_artisan/lib/src/console/pid_parser.dart
DA:12,1
DA:13,1
DA:14,2
DA:15,3
DA:17,2
DA:19,2
DA:24,3
LF:7
LH:7
end_of_record
SF:/Users/anilcan/Code/uptizmv2/uptizm-app/references/fluttersdk_artisan/lib/src/console/process_alive.dart
DA:17,2
DA:18,2
DA:19,0
DA:21,0
DA:23,0
DA:25,6
DA:26,4
LF:7
LH:4
end_of_record
SF:/Users/anilcan/Code/uptizmv2/uptizm-app/references/fluttersdk_artisan/lib/src/console/prompt.dart
DA:13,0
DA:36,1
DA:42,1
DA:43,1
DA:44,1
DA:46,1
DA:48,3
DA:58,1
DA:61,3
DA:62,2
DA:63,1
DA:64,2
DA:65,2
DA:66,2
DA:77,1
DA:82,1
DA:83,1
DA:86,2
DA:87,3
DA:88,2
DA:89,5
DA:91,4
DA:92,1
DA:93,1
DA:94,1
DA:95,3
DA:96,2
DA:98,1
DA:99,2
DA:100,3
DA:106,0
DA:107,0
DA:108,0
DA:109,0
DA:110,0
DA:112,0
DA:113,0
DA:116,0
DA:124,1
DA:127,1
DA:128,1
DA:132,2
DA:134,0
DA:137,1
DA:138,1
DA:139,3
DA:141,3
LF:47
LH:37
end_of_record
SF:/Users/anilcan/Code/uptizmv2/uptizm-app/references/fluttersdk_artisan/lib/src/console/shell_quote.dart
DA:14,1
DA:15,2
DA:16,2
DA:17,2
DA:18,1
DA:21,3
LF:6
LH:6
end_of_record
SF:/Users/anilcan/Code/uptizmv2/uptizm-app/references/fluttersdk_artisan/lib/src/console/string_helper.dart
DA:3,1
DA:4,1
DA:7,1
DA:10,1
DA:11,2
DA:12,1
DA:13,5
DA:14,1
DA:18,3
DA:19,3
DA:22,6
DA:25,9
DA:26,6
DA:29,3
DA:33,1
DA:34,1
DA:36,1
DA:37,4
DA:41,1
DA:42,1
DA:44,1
DA:48,1
DA:50,1
DA:52,1
DA:54,1
DA:58,3
DA:59,4
DA:62,1
DA:63,1
DA:64,1
DA:65,1
DA:66,1
DA:67,1
DA:70,1
DA:74,3
DA:76,3
DA:80,3
DA:81,3
DA:83,6
DA:85,9
DA:86,9
DA:87,3
DA:90,3
LF:43
LH:43
end_of_record
SF:/Users/anilcan/Code/uptizmv2/uptizm-app/references/fluttersdk_artisan/lib/src/helpers/config_editor.dart
DA:30,1
DA:35,1
DA:36,1
DA:39,3
DA:40,0
DA:44,2
DA:47,2
DA:61,1
DA:66,1
DA:67,1
DA:71,3
DA:72,0
DA:75,0
DA:79,3
DA:82,2
DA:88,1
DA:92,1
DA:93,1
DA:97,3
DA:98,2
DA:99,2
DA:100,2
DA:112,1
DA:117,1
DA:118,1
DA:121,4
DA:122,2
DA:124,1
DA:125,0
DA:129,2
DA:134,1
DA:137,2
DA:144,1
DA:148,1
DA:151,1
DA:152,1
DA:153,1
DA:157,1
DA:162,1
DA:165,3
DA:166,2
DA:167,1
DA:168,1
DA:169,3
DA:176,1
DA:177,2
DA:183,1
DA:188,1
DA:190,4
DA:191,1
DA:194,3
DA:195,1
DA:196,2
DA:197,1
DA:204,1
DA:209,1
DA:211,4
DA:212,1
DA:216,6
DA:217,1
DA:225,1
DA:229,1
LF:62
LH:58
end_of_record
SF:/Users/anilcan/Code/uptizmv2/uptizm-app/references/fluttersdk_artisan/lib/src/helpers/console_style.dart
DA:37,2
DA:38,2
DA:44,3
DA:45,3
DA:51,3
DA:52,3
DA:58,2
DA:59,2
DA:65,2
DA:66,2
DA:72,1
DA:73,1
DA:79,1
DA:80,1
DA:84,1
DA:91,2
DA:92,2
DA:103,1
DA:104,1
DA:105,2
DA:106,3
DA:107,3
DA:108,5
DA:110,1
DA:122,1
DA:123,1
DA:126,1
DA:127,3
DA:128,2
DA:129,2
DA:130,5
DA:131,2
DA:134,1
DA:137,1
DA:140,3
DA:141,6
DA:143,1
DA:146,3
DA:147,4
DA:149,1
DA:152,2
DA:153,3
DA:154,3
DA:155,4
DA:157,1
DA:160,2
DA:166,1
DA:167,2
DA:168,1
LF:49
LH:49
end_of_record
SF:/Users/anilcan/Code/uptizmv2/uptizm-app/references/fluttersdk_artisan/lib/src/helpers/file_helper.dart
DA:26,2
DA:27,4
DA:31,1
DA:32,2
DA:38,2
DA:39,2
DA:40,2
DA:41,1
DA:43,2
DA:50,3
DA:51,3
DA:53,9
DA:54,6
DA:56,3
DA:62,1
DA:63,1
DA:64,1
DA:65,1
DA:67,1
DA:73,1
DA:74,1
DA:75,1
DA:76,1
DA:84,1
DA:85,1
DA:86,1
DA:87,1
DA:95,1
DA:96,1
DA:98,1
DA:99,1
DA:100,1
DA:102,0
DA:104,0
DA:112,1
DA:113,1
DA:114,1
DA:115,2
DA:119,1
DA:120,1
DA:121,2
DA:122,2
DA:123,2
DA:124,2
DA:125,1
DA:126,2
DA:128,1
DA:129,1
DA:130,1
DA:133,1
DA:134,2
DA:135,2
DA:136,1
DA:137,2
DA:138,0
DA:139,0
DA:141,1
DA:142,1
DA:149,1
DA:151,0
DA:152,1
DA:154,1
DA:155,1
DA:156,1
DA:157,1
DA:158,1
DA:159,1
DA:160,1
DA:161,0
DA:163,1
DA:166,2
DA:176,1
DA:177,1
DA:181,2
DA:182,2
DA:183,1
DA:187,1
DA:188,3
DA:189,1
DA:201,1
DA:202,1
LF:81
LH:75
end_of_record
SF:/Users/anilcan/Code/uptizmv2/uptizm-app/references/fluttersdk_artisan/lib/src/helpers/html_editor.dart
DA:30,0
DA:42,1
DA:43,1
DA:44,1
DA:45,1
DA:47,1
DA:59,1
DA:60,1
DA:61,1
DA:64,1
DA:65,3
DA:84,1
DA:89,1
DA:91,1
DA:92,1
DA:93,1
DA:97,2
DA:98,2
DA:112,1
DA:115,7
DA:116,1
DA:118,1
DA:121,2
DA:122,5
DA:129,1
DA:130,1
DA:131,1
DA:136,2
LF:28
LH:27
end_of_record
SF:/Users/anilcan/Code/uptizmv2/uptizm-app/references/fluttersdk_artisan/lib/src/helpers/json_editor.dart
DA:33,0
DA:46,1
DA:47,1
DA:48,1
DA:49,1
DA:52,1
DA:53,1
DA:68,1
DA:73,1
DA:76,2
DA:77,0
DA:81,2
DA:82,2
DA:100,1
DA:102,1
DA:105,1
DA:108,1
DA:147,1
DA:152,1
DA:154,2
DA:155,2
DA:158,1
DA:159,2
DA:160,3
DA:162,1
DA:165,2
DA:170,3
DA:218,1
DA:224,1
DA:225,1
DA:228,1
DA:229,1
DA:234,0
DA:235,0
DA:237,0
DA:249,1
DA:255,1
DA:258,1
DA:259,0
DA:264,1
DA:265,1
DA:267,1
DA:282,1
DA:284,1
DA:285,1
LF:45
LH:39
end_of_record
SF:/Users/anilcan/Code/uptizmv2/uptizm-app/references/fluttersdk_artisan/lib/src/helpers/platform_helper.dart
DA:29,0
DA:54,1
DA:56,3
DA:57,1
DA:66,1
DA:67,3
DA:78,1
DA:79,1
DA:86,1
DA:87,1
DA:94,1
DA:95,1
DA:102,1
DA:103,1
DA:110,1
DA:111,1
LF:16
LH:15
end_of_record
SF:/Users/anilcan/Code/uptizmv2/uptizm-app/references/fluttersdk_artisan/lib/src/helpers/xml_editor.dart
DA:27,0
DA:39,1
DA:40,1
DA:41,1
DA:42,1
DA:44,1
DA:58,1
DA:59,1
DA:60,1
DA:63,2
DA:81,1
DA:86,1
DA:89,1
DA:94,1
DA:95,1
DA:96,1
DA:101,1
DA:103,1
DA:106,2
DA:125,1
DA:129,1
DA:132,1
DA:137,1
DA:138,1
DA:139,1
DA:144,1
DA:145,1
DA:147,1
DA:150,2
DA:167,1
DA:172,1
DA:175,2
DA:181,2
DA:183,1
DA:184,1
DA:189,1
DA:190,1
DA:191,1
DA:193,1
DA:196,2
DA:212,1
DA:213,1
DA:214,1
DA:217,1
DA:221,2
DA:222,2
DA:223,1
DA:224,1
LF:48
LH:47
end_of_record
SF:/Users/anilcan/Code/uptizmv2/uptizm-app/references/fluttersdk_artisan/lib/src/extensions/register_extension_idempotent.dart
DA:17,1
DA:22,1
DA:23,1
DA:26,2
DA:27,2
LF:5
LH:5
end_of_record
SF:/Users/anilcan/Code/uptizmv2/uptizm-app/references/fluttersdk_artisan/lib/src/state/state_file.dart
DA:26,0
DA:34,21
DA:37,6
DA:38,12
DA:39,6
DA:41,5
DA:42,5
DA:49,5
DA:50,10
DA:51,10
DA:52,15
DA:53,10
DA:54,10
DA:58,2
DA:59,4
DA:60,4
DA:63,7
DA:66,0
DA:67,0
LF:19
LH:16
end_of_record
SF:/Users/anilcan/Code/uptizmv2/uptizm-app/references/fluttersdk_artisan/lib/src/vm/vm_service_client.dart
DA:18,2
DA:23,2
DA:25,0
DA:26,0
DA:27,0
DA:30,1
DA:31,1
DA:33,0
DA:34,0
DA:38,1
DA:39,1
DA:40,0
DA:41,0
DA:43,0
DA:47,0
DA:52,1
DA:53,1
DA:54,0
DA:55,0
DA:60,1
DA:65,1
DA:66,0
DA:71,0
DA:77,1
DA:78,1
DA:79,0
DA:80,0
DA:82,0
DA:84,0
DA:86,0
DA:87,0
DA:96,1
DA:100,1
DA:101,0
DA:106,2
DA:108,1
DA:109,1
DA:110,0
DA:113,1
DA:114,1
DA:116,1
LF:41
LH:20
end_of_record
SF:/Users/anilcan/Code/uptizmv2/uptizm-app/references/fluttersdk_artisan/lib/src/commands/commands_index_writer.dart
DA:7,1
DA:24,1
DA:25,1
DA:27,4
DA:28,2
DA:29,1
DA:30,1
DA:32,1
DA:33,5
DA:35,1
DA:36,2
DA:37,1
DA:38,3
DA:39,1
DA:40,1
DA:41,1
DA:43,2
DA:64,1
DA:65,1
DA:66,1
DA:67,1
DA:68,1
DA:69,1
DA:70,1
DA:72,1
DA:74,1
DA:75,1
DA:77,1
DA:78,1
DA:82,3
DA:83,1
DA:84,1
DA:85,2
DA:86,2
DA:89,1
DA:90,1
DA:91,2
DA:92,3
DA:95,1
DA:96,1
DA:97,1
DA:102,1
DA:103,1
DA:104,1
DA:105,1
DA:107,3
DA:108,2
DA:117,3
LF:48
LH:48
end_of_record
SF:/Users/anilcan/Code/uptizmv2/uptizm-app/references/fluttersdk_artisan/lib/src/commands/commands_refresh_command.dart
DA:19,1
DA:22,1
DA:26,1
DA:29,0
DA:31,0
DA:32,0
DA:33,0
DA:34,0
DA:35,0
DA:36,0
DA:38,0
DA:39,0
LF:12
LH:3
end_of_record
SF:/Users/anilcan/Code/uptizmv2/uptizm-app/references/fluttersdk_artisan/lib/src/commands/doctor_command.dart
DA:9,1
DA:12,1
DA:16,1
DA:19,1
DA:21,1
DA:22,1
DA:23,1
DA:24,1
DA:27,2
DA:28,2
DA:30,4
DA:35,1
DA:37,2
DA:38,2
DA:44,1
DA:46,2
DA:47,2
DA:53,1
DA:54,1
DA:56,2
DA:57,5
DA:65,1
LF:22
LH:22
end_of_record
SF:/Users/anilcan/Code/uptizmv2/uptizm-app/references/fluttersdk_artisan/lib/src/commands/help_command.dart
DA:10,2
DA:14,1
DA:17,1
DA:20,1
DA:23,2
DA:25,4
DA:26,2
DA:27,2
DA:30,4
DA:32,3
DA:35,2
DA:36,2
DA:37,2
DA:41,3
DA:42,5
DA:43,1
DA:44,1
DA:46,4
DA:47,8
DA:48,4
DA:49,4
DA:50,8
DA:51,4
DA:52,4
DA:53,10
DA:54,2
DA:55,2
DA:56,2
DA:57,2
DA:58,1
DA:59,2
DA:60,1
DA:61,3
DA:63,3
DA:64,5
DA:65,1
DA:66,4
DA:70,4
DA:71,2
DA:72,2
DA:73,2
DA:74,3
LF:42
LH:42
end_of_record
SF:/Users/anilcan/Code/uptizmv2/uptizm-app/references/fluttersdk_artisan/lib/src/commands/hot_restart_command.dart
DA:21,1
DA:24,1
DA:28,1
DA:31,1
DA:33,1
DA:35,2
DA:40,1
DA:42,2
DA:48,1
DA:49,1
DA:50,3
DA:55,2
DA:57,2
DA:59,2
DA:60,0
DA:61,0
DA:65,2
LF:17
LH:15
end_of_record
SF:/Users/anilcan/Code/uptizmv2/uptizm-app/references/fluttersdk_artisan/lib/src/commands/list_command.dart
DA:11,1
DA:15,1
DA:18,0
DA:22,1
DA:25,1
DA:28,1
DA:30,2
DA:31,2
DA:32,5
DA:33,2
DA:34,2
DA:36,2
DA:37,6
DA:40,2
DA:41,2
DA:42,2
DA:44,2
DA:45,6
LF:18
LH:17
end_of_record
SF:/Users/anilcan/Code/uptizmv2/uptizm-app/references/fluttersdk_artisan/lib/src/commands/logs_command.dart
DA:12,1
DA:15,1
DA:18,1
DA:21,1
DA:23,1
DA:26,1
DA:28,4
DA:29,2
DA:30,1
DA:31,2
DA:32,2
DA:36,2
DA:38,3
DA:43,0
DA:44,0
DA:45,0
DA:46,0
DA:47,0
DA:48,0
DA:49,0
DA:52,0
LF:21
LH:13
end_of_record
SF:/Users/anilcan/Code/uptizmv2/uptizm-app/references/fluttersdk_artisan/lib/src/commands/make_command_command.dart
DA:23,1
DA:26,1
DA:30,1
DA:33,1
DA:36,0
DA:38,0
DA:39,0
DA:40,0
DA:42,0
DA:43,0
DA:44,0
DA:48,0
DA:50,0
DA:51,0
DA:54,0
DA:55,0
DA:56,0
DA:63,0
DA:64,0
DA:66,0
DA:67,0
DA:68,0
DA:70,0
LF:23
LH:4
end_of_record
SF:/Users/anilcan/Code/uptizmv2/uptizm-app/references/fluttersdk_artisan/lib/src/commands/reload_command.dart
DA:21,1
DA:24,1
DA:28,1
DA:31,1
DA:33,1
DA:38,1
DA:43,1
DA:45,1
DA:46,2
DA:49,1
DA:51,2
DA:57,1
DA:58,1
DA:59,3
DA:66,2
DA:68,4
DA:70,2
DA:71,0
DA:72,0
DA:76,3
DA:80,1
DA:81,2
DA:82,2
LF:23
LH:21
end_of_record
SF:/Users/anilcan/Code/uptizmv2/uptizm-app/references/fluttersdk_artisan/lib/src/commands/restart_command.dart
DA:9,1
DA:12,1
DA:15,1
DA:18,0
DA:20,0
DA:21,0
LF:6
LH:3
end_of_record
SF:/Users/anilcan/Code/uptizmv2/uptizm-app/references/fluttersdk_artisan/lib/src/commands/start_command.dart
DA:27,1
DA:30,1
DA:34,1
DA:37,1
DA:40,1
DA:46,1
DA:47,1
DA:48,1
DA:49,1
DA:52,0
DA:54,0
DA:55,0
DA:56,0
DA:58,0
DA:59,0
DA:61,0
DA:62,0
DA:63,0
DA:70,0
DA:71,0
DA:72,0
DA:73,0
DA:74,0
DA:75,0
DA:76,0
DA:80,0
DA:84,0
DA:85,0
DA:86,0
DA:98,0
DA:99,0
DA:101,0
DA:102,0
DA:104,0
DA:107,0
DA:109,0
DA:114,0
DA:115,0
DA:116,0
DA:118,0
DA:119,0
DA:123,0
DA:125,0
DA:132,0
DA:134,0
DA:140,0
DA:141,0
DA:142,0
DA:143,0
DA:147,0
DA:151,1
DA:153,1
DA:154,3
DA:155,1
DA:156,3
DA:158,1
DA:159,4
DA:160,3
DA:166,0
DA:167,0
DA:168,0
DA:170,0
DA:171,0
DA:172,0
DA:173,0
DA:174,0
DA:175,0
DA:176,0
DA:177,0
DA:178,0
DA:181,0
DA:184,0
DA:185,0
DA:187,0
DA:188,0
DA:189,0
DA:190,0
DA:191,0
DA:192,0
DA:193,0
DA:194,0
DA:199,0
DA:201,0
DA:202,0
DA:206,0
DA:207,0
DA:208,0
DA:210,0
LF:88
LH:17
end_of_record
SF:/Users/anilcan/Code/uptizmv2/uptizm-app/references/fluttersdk_artisan/lib/src/commands/status_command.dart
DA:11,1
DA:14,1
DA:17,1
DA:20,1
DA:22,1
DA:24,4
DA:27,1
DA:28,1
DA:29,2
DA:30,2
DA:34,1
DA:35,1
DA:36,1
DA:37,1
LF:14
LH:14
end_of_record
SF:/Users/anilcan/Code/uptizmv2/uptizm-app/references/fluttersdk_artisan/lib/src/commands/stop_command.dart
DA:11,1
DA:14,1
DA:18,1
DA:21,1
DA:23,1
DA:25,2
DA:30,1
DA:33,1
DA:34,3
DA:36,0
DA:42,1
DA:45,1
DA:54,1
DA:57,1
DA:58,2
DA:64,1
DA:65,2
LF:17
LH:16
end_of_record
SF:/Users/anilcan/Code/uptizmv2/uptizm-app/references/fluttersdk_artisan/lib/src/commands/tinker_command.dart
DA:18,1
DA:21,1
DA:25,1
DA:28,0
DA:30,0
DA:32,0
DA:33,0
DA:35,0
DA:36,0
DA:37,0
DA:39,0
DA:40,0
DA:42,0
DA:45,0
DA:46,0
LF:15
LH:3
end_of_record
SF:/Users/anilcan/Code/uptizmv2/uptizm-app/references/fluttersdk_artisan/lib/src/tinker/tinker.dart
DA:12,0
DA:16,3
DA:20,3
DA:24,9
LF:4
LH:3
end_of_record
SF:/Users/anilcan/Code/uptizmv2/uptizm-app/references/fluttersdk_artisan/lib/src/tinker/tinker_formatter.dart
DA:10,1
DA:14,1
DA:15,2
DA:16,1
DA:19,1
DA:32,1
DA:34,1
DA:35,1
DA:37,3
DA:39,2
DA:40,2
DA:42,4
DA:43,1
LF:13
LH:13
end_of_record
